# JRE version: Java(TM) SE Runtime Environment (17.0.13+10) (build 17.0.13+10-LTS-268)
# Java VM: Java HotSpot(TM) 64-Bit Server VM (17.0.13+10-LTS-268, mixed mode, sharing, tiered, compressed oops, compressed class ptrs, g1 gc, windows-amd64)
GC Precious Log:
 CPUs: 8 total, 8 available
 Memory: 16064M
 Large Page Support: Disabled
 NUMA Support: Disabled
 Compressed Oops: Enabled (32-bit)
 Heap Region Size: 1M
 Heap Min Capacity: 8M
 Heap Initial Capacity: 252M
 Heap Max Capacity: 2G
 Pre-touch: Disabled
 Parallel Workers: 8
 Concurrent Workers: 2
 Concurrent Refinement Workers: 8
 Periodic GC: Disabled
Heap:
 garbage-first heap   total 86016K, used 30539K [0x0000000080000000, 0x0000000100000000)
  region size 1024K, 5 young (5120K), 4 survivors (4096K)
 Metaspace       used 30803K, committed 31168K, reserved 491520K
  class space    used 4303K, committed 4480K, reserved 425984K
GC Heap History (10 events):
Event: 0.525 GC heap before
{Heap before GC invocations=0 (full 0):
 garbage-first heap   total 258048K, used 22528K [0x0000000080000000, 0x0000000100000000)
  region size 1024K, 23 young (23552K), 0 survivors (0K)
 Metaspace       used 1067K, committed 1216K, reserved 491520K
  class space    used 72K, committed 128K, reserved 425984K
}
Event: 0.528 GC heap after
{Heap after GC invocations=1 (full 0):
 garbage-first heap   total 258048K, used 2695K [0x0000000080000000, 0x0000000100000000)
  region size 1024K, 3 young (3072K), 3 survivors (3072K)
 Metaspace       used 1067K, committed 1216K, reserved 491520K
  class space    used 72K, committed 128K, reserved 425984K
}
Event: 1.674 GC heap before
{Heap before GC invocations=1 (full 0):
 garbage-first heap   total 258048K, used 39559K [0x0000000080000000, 0x0000000100000000)
  region size 1024K, 37 young (37888K), 3 survivors (3072K)
 Metaspace       used 4391K, committed 4544K, reserved 491520K
  class space    used 548K, committed 640K, reserved 425984K
}
Event: 1.679 GC heap after
{Heap after GC invocations=2 (full 0):
 garbage-first heap   total 258048K, used 10881K [0x0000000080000000, 0x0000000100000000)
  region size 1024K, 5 young (5120K), 5 survivors (5120K)
 Metaspace       used 4391K, committed 4544K, reserved 491520K
  class space    used 548K, committed 640K, reserved 425984K
}
Event: 2.729 GC heap before
{Heap before GC invocations=2 (full 0):
 garbage-first heap   total 258048K, used 56961K [0x0000000080000000, 0x0000000100000000)
  region size 1024K, 48 young (49152K), 5 survivors (5120K)
 Metaspace       used 4690K, committed 4928K, reserved 491520K
  class space    used 593K, committed 704K, reserved 425984K
}
Event: 2.736 GC heap after
{Heap after GC invocations=3 (full 0):
 garbage-first heap   total 258048K, used 16354K [0x0000000080000000, 0x0000000100000000)
  region size 1024K, 5 young (5120K), 5 survivors (5120K)
 Metaspace       used 4690K, committed 4928K, reserved 491520K
  class space    used 593K, committed 704K, reserved 425984K
}
Event: 15.477 GC heap before
{Heap before GC invocations=3 (full 0):
 garbage-first heap   total 258048K, used 123874K [0x0000000080000000, 0x0000000100000000)
  region size 1024K, 111 young (113664K), 5 survivors (5120K)
 Metaspace       used 21159K, committed 21504K, reserved 491520K
  class space    used 3066K, committed 3264K, reserved 425984K
}
Event: 15.491 GC heap after
{Heap after GC invocations=4 (full 0):
 garbage-first heap   total 258048K, used 23762K [0x0000000080000000, 0x0000000100000000)
  region size 1024K, 12 young (12288K), 12 survivors (12288K)
 Metaspace       used 21159K, committed 21504K, reserved 491520K
  class space    used 3066K, committed 3264K, reserved 425984K
}
Event: 17.324 GC heap before
{Heap before GC invocations=5 (full 0):
 garbage-first heap   total 86016K, used 62674K [0x0000000080000000, 0x0000000100000000)
  region size 1024K, 50 young (51200K), 12 survivors (12288K)
 Metaspace       used 27705K, committed 28096K, reserved 491520K
  class space    used 3895K, committed 4096K, reserved 425984K
}
Event: 17.341 GC heap after
{Heap after GC invocations=6 (full 0):
 garbage-first heap   total 86016K, used 26783K [0x0000000080000000, 0x0000000100000000)
  region size 1024K, 4 young (4096K), 4 survivors (4096K)
 Metaspace       used 27705K, committed 28096K, reserved 491520K
  class space    used 3895K, committed 4096K, reserved 425984K
}

